/home/philip_raeisghasem/miniconda3/envs/worldmodels/lib/python3.5/site-packages/torch/nn/functional.py:1350: UserWarning: nn.functional.sigmoid is deprecated. Use torch.sigmoid instead.
  warnings.warn("nn.functional.sigmoid is deprecated. Use torch.sigmoid instead.")
Process Process-5:
Traceback (most recent call last):
  File "/home/philip_raeisghasem/miniconda3/envs/worldmodels/lib/python3.5/multiprocessing/process.py", line 252, in _bootstrap
    self.run()
  File "/home/philip_raeisghasem/miniconda3/envs/worldmodels/lib/python3.5/multiprocessing/process.py", line 93, in run
    self._target(*self._args, **self._kwargs)
  File "traincontroller.py", line 101, in slave_routine
    r_queue.put((s_id, r_gen.rollout(params)))
  File "/home/philip_raeisghasem/worldmodels/worldmodels/ctallec/utils/misc.py", line 188, in rollout
    obs = transform(obs).unsqueeze(0).to(self.device)
  File "/home/philip_raeisghasem/miniconda3/envs/worldmodels/lib/python3.5/site-packages/torchvision/transforms/transforms.py", line 61, in __call__
    img = t(img)
  File "/home/philip_raeisghasem/miniconda3/envs/worldmodels/lib/python3.5/site-packages/torchvision/transforms/transforms.py", line 198, in __call__
    return F.resize(img, self.size, self.interpolation)
  File "/home/philip_raeisghasem/miniconda3/envs/worldmodels/lib/python3.5/site-packages/torchvision/transforms/functional.py", line 255, in resize
    return img.resize(size[::-1], interpolation)
  File "/home/philip_raeisghasem/miniconda3/envs/worldmodels/lib/python3.5/site-packages/PIL/Image.py", line 1765, in resize
    return self._new(self.im.resize(size, resample, box))
KeyboardInterrupt
