/home/philip_raeisghasem/miniconda3/envs/worldmodels/lib/python3.5/site-packages/torch/nn/functional.py:1350: UserWarning: nn.functional.sigmoid is deprecated. Use torch.sigmoid instead.
  warnings.warn("nn.functional.sigmoid is deprecated. Use torch.sigmoid instead.")
Process Process-12:
Traceback (most recent call last):
  File "/home/philip_raeisghasem/miniconda3/envs/worldmodels/lib/python3.5/multiprocessing/process.py", line 252, in _bootstrap
    self.run()
  File "/home/philip_raeisghasem/miniconda3/envs/worldmodels/lib/python3.5/multiprocessing/process.py", line 93, in run
    self._target(*self._args, **self._kwargs)
  File "traincontroller.py", line 101, in slave_routine
    r_queue.put((s_id, r_gen.rollout(params)))
  File "/home/philip_raeisghasem/worldmodels/worldmodels/ctallec/utils/misc.py", line 189, in rollout
    actions, hidden = self.get_action_and_transition(obs, hidden)
  File "/home/philip_raeisghasem/worldmodels/worldmodels/ctallec/utils/misc.py", line 157, in get_action_and_transition
    _, latent_mu, _ = self.vae(obs)
  File "/home/philip_raeisghasem/miniconda3/envs/worldmodels/lib/python3.5/site-packages/torch/nn/modules/module.py", line 547, in __call__
    result = self.forward(*input, **kwargs)
  File "/home/philip_raeisghasem/worldmodels/worldmodels/ctallec/models/vae.py", line 74, in forward
    recon_x = self.decoder(z)
  File "/home/philip_raeisghasem/miniconda3/envs/worldmodels/lib/python3.5/site-packages/torch/nn/modules/module.py", line 547, in __call__
    result = self.forward(*input, **kwargs)
  File "/home/philip_raeisghasem/worldmodels/worldmodels/ctallec/models/vae.py", line 26, in forward
    x = F.relu(self.deconv1(x))
  File "/home/philip_raeisghasem/miniconda3/envs/worldmodels/lib/python3.5/site-packages/torch/nn/modules/module.py", line 547, in __call__
    result = self.forward(*input, **kwargs)
  File "/home/philip_raeisghasem/miniconda3/envs/worldmodels/lib/python3.5/site-packages/torch/nn/modules/conv.py", line 787, in forward
    output_padding, self.groups, self.dilation)
KeyboardInterrupt
