Loading VAE at epoch 10 with test loss 35.331635557861325
Loading MDRNN at epoch 0 with test loss 1.074823389270089
Loading Controller with reward -9.85684970744267
Track generation: 1077..1352 -> 275-tiles track
retry to generate track (normal if there are not many of this messages)
Track generation: 1139..1428 -> 289-tiles track
Track generation: 1315..1648 -> 333-tiles track
Track generation: 1141..1430 -> 289-tiles track
Track generation: 1153..1445 -> 292-tiles track
Track generation: 1096..1374 -> 278-tiles track
Track generation: 1315..1648 -> 333-tiles track
Track generation: 1086..1362 -> 276-tiles track
Track generation: 1140..1429 -> 289-tiles track
Track generation: 921..1163 -> 242-tiles track
Track generation: 1102..1381 -> 279-tiles track
Track generation: 1160..1455 -> 295-tiles track
Track generation: 1031..1293 -> 262-tiles track
Track generation: 1268..1589 -> 321-tiles track
Track generation: 1180..1479 -> 299-tiles track
Track generation: 1184..1484 -> 300-tiles track
Track generation: 1384..1734 -> 350-tiles track
Track generation: 1134..1425 -> 291-tiles track
retry to generate track (normal if there are not many of this messages)
Track generation: 1141..1430 -> 289-tiles track
Track generation: 1183..1483 -> 300-tiles track
Track generation: 1247..1563 -> 316-tiles track
Track generation: 1271..1593 -> 322-tiles track
Track generation: 1108..1389 -> 281-tiles track
Track generation: 1161..1455 -> 294-tiles track
Track generation: 1095..1373 -> 278-tiles track
Track generation: 1212..1519 -> 307-tiles track
Track generation: 1126..1419 -> 293-tiles track
Track generation: 1264..1584 -> 320-tiles track
Track generation: 1139..1428 -> 289-tiles track
Track generation: 1159..1453 -> 294-tiles track
Track generation: 1155..1448 -> 293-tiles track
Track generation: 1189..1490 -> 301-tiles track
Track generation: 1141..1435 -> 294-tiles track
Track generation: 1143..1433 -> 290-tiles track
Track generation: 1031..1303 -> 272-tiles track
Track generation: 1207..1513 -> 306-tiles track
Track generation: 1275..1598 -> 323-tiles track
Track generation: 968..1221 -> 253-tiles track
Track generation: 1158..1456 -> 298-tiles track
Track generation: 1082..1356 -> 274-tiles track
Track generation: 1268..1589 -> 321-tiles track
Track generation: 1139..1434 -> 295-tiles track
Track generation: 1147..1438 -> 291-tiles track
Track generation: 1176..1481 -> 305-tiles track
Track generation: 1309..1641 -> 332-tiles track
Track generation: 1080..1359 -> 279-tiles track
Track generation: 1172..1469 -> 297-tiles track
Track generation: 1127..1413 -> 286-tiles track
Track generation: 1049..1324 -> 275-tiles track
Track generation: 1254..1573 -> 319-tiles track
Track generation: 1236..1549 -> 313-tiles track
Track generation: 1259..1578 -> 319-tiles track
Track generation: 1230..1549 -> 319-tiles track
Track generation: 1327..1672 -> 345-tiles track
Track generation: 918..1152 -> 234-tiles track
Track generation: 1180..1479 -> 299-tiles track
Track generation: 1064..1334 -> 270-tiles track
Track generation: 1067..1338 -> 271-tiles track
Track generation: 1050..1322 -> 272-tiles track
Track generation: 1091..1376 -> 285-tiles track
Track generation: 1092..1369 -> 277-tiles track
Track generation: 1183..1485 -> 302-tiles track
retry to generate track (normal if there are not many of this messages)
Track generation: 1056..1334 -> 278-tiles track
Track generation: 1286..1612 -> 326-tiles track
Track generation: 1108..1389 -> 281-tiles track
Track generation: 1051..1329 -> 278-tiles track
Track generation: 1136..1424 -> 288-tiles track
Track generation: 943..1183 -> 240-tiles track
Track generation: 1431..1793 -> 362-tiles track
Track generation: 1207..1513 -> 306-tiles track
Track generation: 1188..1489 -> 301-tiles track
Track generation: 1264..1584 -> 320-tiles track
Track generation: 1184..1484 -> 300-tiles track
Track generation: 1136..1428 -> 292-tiles track
Track generation: 1147..1438 -> 291-tiles track
Track generation: 1303..1633 -> 330-tiles track
Track generation: 1133..1420 -> 287-tiles track
Track generation: 1172..1469 -> 297-tiles track
Track generation: 1168..1467 -> 299-tiles track
retry to generate track (normal if there are not many of this messages)
Track generation: 1119..1403 -> 284-tiles track
Track generation: 1168..1464 -> 296-tiles track
Track generation: 1215..1523 -> 308-tiles track
Track generation: 1183..1483 -> 300-tiles track
Track generation: 1099..1378 -> 279-tiles track
Track generation: 1155..1448 -> 293-tiles track
Track generation: 1098..1379 -> 281-tiles track
retry to generate track (normal if there are not many of this messages)
Track generation: 1300..1629 -> 329-tiles track
Track generation: 1255..1573 -> 318-tiles track
Track generation: 1238..1552 -> 314-tiles track
retry to generate track (normal if there are not many of this messages)
Track generation: 1259..1578 -> 319-tiles track
Track generation: 1287..1613 -> 326-tiles track
Track generation: 1044..1316 -> 272-tiles track
Track generation: 1029..1292 -> 263-tiles track
retry to generate track (normal if there are not many of this messages)
Track generation: 1092..1369 -> 277-tiles track
Track generation: 1144..1434 -> 290-tiles track
Track generation: 1189..1490 -> 301-tiles track
Track generation: 957..1203 -> 246-tiles track
retry to generate track (normal if there are not many of this messages)
Track generation: 1047..1313 -> 266-tiles track
Track generation: 1192..1494 -> 302-tiles track
Track generation: 1453..1820 -> 367-tiles track
Track generation: 1232..1544 -> 312-tiles track
Track generation: 1200..1504 -> 304-tiles track
Track generation: 1163..1458 -> 295-tiles track
Track generation: 1243..1558 -> 315-tiles track
Track generation: 1201..1506 -> 305-tiles track
Track generation: 1148..1439 -> 291-tiles track
Track generation: 1037..1301 -> 264-tiles track
Track generation: 1248..1564 -> 316-tiles track
Track generation: 1072..1344 -> 272-tiles track
Track generation: 1191..1493 -> 302-tiles track
Track generation: 959..1200 -> 241-tiles track
retry to generate track (normal if there are not many of this messages)
Track generation: 1422..1781 -> 359-tiles track
Track generation: 1177..1475 -> 298-tiles track
Track generation: 1087..1366 -> 279-tiles track
retry to generate track (normal if there are not many of this messages)
Track generation: 1188..1489 -> 301-tiles track
Track generation: 1232..1544 -> 312-tiles track
Track generation: 1306..1643 -> 337-tiles track
Track generation: 1409..1765 -> 356-tiles track
Track generation: 1252..1569 -> 317-tiles track
Track generation: 1387..1737 -> 350-tiles track
Track generation: 1352..1695 -> 343-tiles track
Track generation: 1275..1598 -> 323-tiles track
Track generation: 1259..1578 -> 319-tiles track
Track generation: 1249..1566 -> 317-tiles track
retry to generate track (normal if there are not many of this messages)
Track generation: 1087..1371 -> 284-tiles track
Track generation: 1144..1434 -> 290-tiles track
Track generation: 1012..1271 -> 259-tiles track
retry to generate track (normal if there are not many of this messages)
Track generation: 1172..1469 -> 297-tiles track
Track generation: 1088..1368 -> 280-tiles track
Track generation: 1125..1420 -> 295-tiles track
Track generation: 995..1251 -> 256-tiles track
retry to generate track (normal if there are not many of this messages)
Track generation: 1080..1358 -> 278-tiles track
retry to generate track (normal if there are not many of this messages)
Track generation: 1151..1443 -> 292-tiles track
Track generation: 1008..1264 -> 256-tiles track
Track generation: 1185..1490 -> 305-tiles track
Track generation: 1111..1393 -> 282-tiles track
Track generation: 1232..1546 -> 314-tiles track
Track generation: 1323..1658 -> 335-tiles track
Track generation: 1075..1348 -> 273-tiles track
Track generation: 1187..1497 -> 310-tiles track
Track generation: 1189..1490 -> 301-tiles track
Track generation: 1015..1273 -> 258-tiles track
Track generation: 1123..1408 -> 285-tiles track
Track generation: 1205..1519 -> 314-tiles track
Track generation: 1104..1384 -> 280-tiles track
Track generation: 1159..1453 -> 294-tiles track
Track generation: 1133..1420 -> 287-tiles track
Track generation: 1251..1568 -> 317-tiles track
Track generation: 1122..1407 -> 285-tiles track
Track generation: 1065..1343 -> 278-tiles track
Track generation: 1076..1356 -> 280-tiles track
Track generation: 944..1184 -> 240-tiles track
Track generation: 1192..1494 -> 302-tiles track
Track generation: 1112..1403 -> 291-tiles track
Track generation: 1411..1768 -> 357-tiles track
Track generation: 1279..1603 -> 324-tiles track
Track generation: 1047..1318 -> 271-tiles track
Track generation: 1289..1616 -> 327-tiles track
Track generation: 1208..1514 -> 306-tiles track
Track generation: 1159..1453 -> 294-tiles track
Track generation: 1160..1454 -> 294-tiles track
Track generation: 1236..1549 -> 313-tiles track
Track generation: 1114..1395 -> 281-tiles track
Track generation: 1279..1603 -> 324-tiles track
Track generation: 1120..1404 -> 284-tiles track
Track generation: 1143..1433 -> 290-tiles track
Track generation: 1322..1657 -> 335-tiles track
Track generation: 1182..1482 -> 300-tiles track
Track generation: 1192..1494 -> 302-tiles track
Track generation: 1170..1466 -> 296-tiles track
Track generation: 1096..1381 -> 285-tiles track
Track generation: 1312..1644 -> 332-tiles track
Track generation: 1337..1675 -> 338-tiles track
Track generation: 1119..1410 -> 291-tiles track
Track generation: 1194..1497 -> 303-tiles track
Track generation: 1163..1458 -> 295-tiles track
Track generation: 1182..1481 -> 299-tiles track
Track generation: 1050..1317 -> 267-tiles track
Track generation: 1284..1609 -> 325-tiles track
Track generation: 1151..1443 -> 292-tiles track
Track generation: 1015..1279 -> 264-tiles track
Track generation: 1176..1474 -> 298-tiles track
Track generation: 1275..1598 -> 323-tiles track
Track generation: 1165..1471 -> 306-tiles track
Track generation: 1244..1559 -> 315-tiles track
Track generation: 1052..1319 -> 267-tiles track
Track generation: 1278..1610 -> 332-tiles track
Track generation: 1168..1464 -> 296-tiles track
Track generation: 1156..1449 -> 293-tiles track
Track generation: 1195..1498 -> 303-tiles track
Track generation: 956..1199 -> 243-tiles track
Track generation: 1137..1425 -> 288-tiles track
Track generation: 1389..1741 -> 352-tiles track
Track generation: 1200..1504 -> 304-tiles track
Track generation: 1324..1659 -> 335-tiles track
Track generation: 1150..1441 -> 291-tiles track
Track generation: 1094..1371 -> 277-tiles track
Track generation: 1199..1503 -> 304-tiles track
Track generation: 1032..1299 -> 267-tiles track
Track generation: 1120..1404 -> 284-tiles track
Track generation: 1148..1445 -> 297-tiles track
Track generation: 975..1225 -> 250-tiles track
retry to generate track (normal if there are not many of this messages)
Track generation: 1015..1273 -> 258-tiles track
Track generation: 1178..1476 -> 298-tiles track
Track generation: 1137..1430 -> 293-tiles track
Track generation: 1180..1479 -> 299-tiles track
Track generation: 1244..1559 -> 315-tiles track
Track generation: 1191..1456 -> 265-tiles track
retry to generate track (normal if there are not many of this messages)
Track generation: 1233..1545 -> 312-tiles track
Track generation: 1188..1489 -> 301-tiles track
Track generation: 1180..1479 -> 299-tiles track
Track generation: 1171..1468 -> 297-tiles track
Track generation: 1057..1330 -> 273-tiles track
Track generation: 1195..1499 -> 304-tiles track
retry to generate track (normal if there are not many of this messages)
Track generation: 1068..1339 -> 271-tiles track
Track generation: 1100..1379 -> 279-tiles track
Track generation: 1220..1529 -> 309-tiles track
Track generation: 1214..1528 -> 314-tiles track
Track generation: 1179..1478 -> 299-tiles track
Track generation: 1243..1558 -> 315-tiles track
Track generation: 1171..1468 -> 297-tiles track
Track generation: 1043..1308 -> 265-tiles track
Track generation: 1133..1420 -> 287-tiles track
Track generation: 1137..1425 -> 288-tiles track
Track generation: 1200..1504 -> 304-tiles track
Track generation: 1093..1370 -> 277-tiles track
Track generation: 1220..1529 -> 309-tiles track
Track generation: 1117..1400 -> 283-tiles track
Track generation: 1200..1504 -> 304-tiles track
Track generation: 1247..1563 -> 316-tiles track
Track generation: 1144..1434 -> 290-tiles track
Track generation: 1232..1544 -> 312-tiles track
Track generation: 1224..1534 -> 310-tiles track
Track generation: 1205..1510 -> 305-tiles track
Track generation: 1139..1428 -> 289-tiles track
Track generation: 1319..1653 -> 334-tiles track
Track generation: 1173..1470 -> 297-tiles track
Track generation: 1077..1357 -> 280-tiles track
Track generation: 1128..1414 -> 286-tiles track
Track generation: 1003..1259 -> 256-tiles track
Track generation: 1232..1544 -> 312-tiles track
Track generation: 1296..1624 -> 328-tiles track
Track generation: 1193..1495 -> 302-tiles track
Track generation: 1220..1529 -> 309-tiles track
Track generation: 1188..1489 -> 301-tiles track
Track generation: 1172..1469 -> 297-tiles track
Track generation: 1223..1533 -> 310-tiles track
Track generation: 1194..1497 -> 303-tiles track
Track generation: 1172..1469 -> 297-tiles track
Track generation: 1035..1302 -> 267-tiles track
Track generation: 1255..1573 -> 318-tiles track
Track generation: 1215..1523 -> 308-tiles track
Track generation: 1066..1343 -> 277-tiles track
Track generation: 1224..1534 -> 310-tiles track
Track generation: 1220..1529 -> 309-tiles track
Track generation: 1167..1465 -> 298-tiles track
Track generation: 1278..1601 -> 323-tiles track
Track generation: 1236..1549 -> 313-tiles track
Track generation: 1388..1729 -> 341-tiles track
Track generation: 1176..1474 -> 298-tiles track
Track generation: 1295..1623 -> 328-tiles track
Track generation: 1145..1444 -> 299-tiles track
Track generation: 1145..1440 -> 295-tiles track
Track generation: 1152..1445 -> 293-tiles track
Track generation: 1136..1424 -> 288-tiles track
Track generation: 1272..1594 -> 322-tiles track
Track generation: 1193..1495 -> 302-tiles track
Track generation: 1153..1446 -> 293-tiles track
Track generation: 1207..1513 -> 306-tiles track
Track generation: 1115..1398 -> 283-tiles track
Track generation: 1260..1579 -> 319-tiles track
Track generation: 1207..1513 -> 306-tiles track
Track generation: 1176..1480 -> 304-tiles track
Track generation: 1220..1529 -> 309-tiles track
Track generation: 1157..1450 -> 293-tiles track
Track generation: 976..1224 -> 248-tiles track
Track generation: 1175..1473 -> 298-tiles track
Track generation: 1058..1327 -> 269-tiles track
Track generation: 1184..1491 -> 307-tiles track
Track generation: 1123..1408 -> 285-tiles track
Track generation: 1329..1666 -> 337-tiles track
Track generation: 1044..1312 -> 268-tiles track
retry to generate track (normal if there are not many of this messages)
Track generation: 1052..1323 -> 271-tiles track
retry to generate track (normal if there are not many of this messages)
Track generation: 1171..1468 -> 297-tiles track
Track generation: 1324..1659 -> 335-tiles track
Track generation: 1219..1528 -> 309-tiles track
Track generation: 991..1250 -> 259-tiles track
Track generation: 1091..1368 -> 277-tiles track
Track generation: 1244..1554 -> 310-tiles track
Track generation: 1139..1428 -> 289-tiles track
Track generation: 1190..1492 -> 302-tiles track
Track generation: 1408..1763 -> 355-tiles track
Track generation: 1187..1488 -> 301-tiles track
Track generation: 1120..1404 -> 284-tiles track
Track generation: 1127..1413 -> 286-tiles track
Track generation: 999..1253 -> 254-tiles track
Track generation: 1108..1389 -> 281-tiles track
Track generation: 1004..1259 -> 255-tiles track
Track generation: 1160..1454 -> 294-tiles track
Track generation: 1001..1260 -> 259-tiles track
Track generation: 1167..1463 -> 296-tiles track
Track generation: 1144..1438 -> 294-tiles track
retry to generate track (normal if there are not many of this messages)
Track generation: 1148..1439 -> 291-tiles track
Track generation: 1214..1522 -> 308-tiles track
Track generation: 1168..1464 -> 296-tiles track
Track generation: 1107..1397 -> 290-tiles track
Track generation: 1129..1416 -> 287-tiles track
Track generation: 1156..1448 -> 292-tiles track
Track generation: 1074..1354 -> 280-tiles track
Track generation: 1132..1419 -> 287-tiles track
Track generation: 1163..1458 -> 295-tiles track
Track generation: 1203..1508 -> 305-tiles track
Track generation: 1207..1513 -> 306-tiles track
Track generation: 1215..1523 -> 308-tiles track
Track generation: 1250..1566 -> 316-tiles track
Track generation: 1062..1331 -> 269-tiles track
Track generation: 1332..1669 -> 337-tiles track
Track generation: 1235..1547 -> 312-tiles track
Track generation: 1090..1374 -> 284-tiles track
Track generation: 1095..1380 -> 285-tiles track
Track generation: 1164..1459 -> 295-tiles track
Track generation: 1377..1725 -> 348-tiles track
Track generation: 1255..1573 -> 318-tiles track
Track generation: 1053..1325 -> 272-tiles track
Track generation: 1075..1348 -> 273-tiles track
Track generation: 1236..1549 -> 313-tiles track
Track generation: 1042..1313 -> 271-tiles track
Track generation: 1040..1304 -> 264-tiles track
Track generation: 1044..1318 -> 274-tiles track
Track generation: 1073..1345 -> 272-tiles track
Track generation: 1216..1532 -> 316-tiles track
Track generation: 1058..1331 -> 273-tiles track
Track generation: 1164..1459 -> 295-tiles track
Track generation: 1143..1433 -> 290-tiles track
Track generation: 1203..1507 -> 304-tiles track
Track generation: 1121..1405 -> 284-tiles track
Track generation: 1155..1448 -> 293-tiles track
Track generation: 1205..1510 -> 305-tiles track
Track generation: 1028..1289 -> 261-tiles track
Track generation: 1240..1554 -> 314-tiles track
Track generation: 1147..1438 -> 291-tiles track
Track generation: 1133..1420 -> 287-tiles track
Track generation: 1031..1296 -> 265-tiles track
retry to generate track (normal if there are not many of this messages)
Track generation: 1140..1429 -> 289-tiles track
Track generation: 1070..1347 -> 277-tiles track
Track generation: 1070..1340 -> 270-tiles track
Track generation: 1156..1449 -> 293-tiles track
Track generation: 1239..1553 -> 314-tiles track
Track generation: 1133..1421 -> 288-tiles track
Track generation: 1161..1461 -> 300-tiles track
Track generation: 1260..1579 -> 319-tiles track
Track generation: 1149..1440 -> 291-tiles track
Track generation: 1084..1359 -> 275-tiles track
Track generation: 1258..1577 -> 319-tiles track
Track generation: 1409..1765 -> 356-tiles track
Track generation: 1129..1415 -> 286-tiles track
Track generation: 1092..1375 -> 283-tiles track
Track generation: 1232..1544 -> 312-tiles track
Track generation: 994..1251 -> 257-tiles track
Track generation: 1082..1356 -> 274-tiles track
Track generation: 1247..1563 -> 316-tiles track
Track generation: 1092..1372 -> 280-tiles track
retry to generate track (normal if there are not many of this messages)
Track generation: 1184..1484 -> 300-tiles track
Track generation: 1183..1483 -> 300-tiles track
Track generation: 1315..1658 -> 343-tiles track
Track generation: 1122..1407 -> 285-tiles track
retry to generate track (normal if there are not many of this messages)
Track generation: 1228..1539 -> 311-tiles track
Track generation: 1072..1344 -> 272-tiles track
Track generation: 1071..1343 -> 272-tiles track
Track generation: 1070..1351 -> 281-tiles track
Track generation: 1072..1344 -> 272-tiles track
Track generation: 1271..1593 -> 322-tiles track
Track generation: 1025..1292 -> 267-tiles track
Track generation: 1208..1514 -> 306-tiles track
Track generation: 1384..1734 -> 350-tiles track
Track generation: 1069..1361 -> 292-tiles track
retry to generate track (normal if there are not many of this messages)
Track generation: 972..1225 -> 253-tiles track
Track generation: 1015..1273 -> 258-tiles track
Track generation: 1288..1614 -> 326-tiles track
Track generation: 986..1243 -> 257-tiles track
Track generation: 1110..1395 -> 285-tiles track
retry to generate track (normal if there are not many of this messages)
Track generation: 1115..1403 -> 288-tiles track
Track generation: 1135..1423 -> 288-tiles track
Track generation: 1171..1466 -> 295-tiles track
Track generation: 1127..1413 -> 286-tiles track
Track generation: 1183..1483 -> 300-tiles track
Track generation: 1032..1304 -> 272-tiles track
Track generation: 1180..1479 -> 299-tiles track
Track generation: 1165..1460 -> 295-tiles track
Track generation: 1148..1439 -> 291-tiles track
Track generation: 1196..1504 -> 308-tiles track
Track generation: 1081..1362 -> 281-tiles track
Track generation: 1151..1443 -> 292-tiles track
Track generation: 1068..1339 -> 271-tiles track
Track generation: 1379..1728 -> 349-tiles track
Track generation: 1025..1285 -> 260-tiles track
Track generation: 999..1253 -> 254-tiles track
Track generation: 1269..1631 -> 362-tiles track
retry to generate track (normal if there are not many of this messages)
Track generation: 1180..1479 -> 299-tiles track
Track generation: 1020..1279 -> 259-tiles track
Track generation: 1222..1528 -> 306-tiles track
Track generation: 1084..1359 -> 275-tiles track
Track generation: 1184..1484 -> 300-tiles track
Track generation: 1064..1334 -> 270-tiles track
Track generation: 929..1169 -> 240-tiles track
retry to generate track (normal if there are not many of this messages)
Track generation: 997..1251 -> 254-tiles track
Track generation: 1057..1327 -> 270-tiles track
retry to generate track (normal if there are not many of this messages)
Track generation: 1264..1584 -> 320-tiles track
Track generation: 1139..1428 -> 289-tiles track
Track generation: 1010..1276 -> 266-tiles track
Track generation: 1172..1468 -> 296-tiles track
Track generation: 1234..1544 -> 310-tiles track
retry to generate track (normal if there are not many of this messages)
Track generation: 1146..1439 -> 293-tiles track
retry to generate track (normal if there are not many of this messages)
Track generation: 1125..1410 -> 285-tiles track
Track generation: 1164..1459 -> 295-tiles track
Track generation: 1196..1508 -> 312-tiles track
Track generation: 1054..1322 -> 268-tiles track
Track generation: 1167..1463 -> 296-tiles track
Track generation: 1135..1423 -> 288-tiles track
Track generation: 1040..1313 -> 273-tiles track
Track generation: 1205..1510 -> 305-tiles track
Track generation: 1300..1629 -> 329-tiles track
Track generation: 1292..1619 -> 327-tiles track
Track generation: 960..1211 -> 251-tiles track
retry to generate track (normal if there are not many of this messages)
Track generation: 1163..1458 -> 295-tiles track
Track generation: 1156..1457 -> 301-tiles track
