Loading VAE at epoch 10 with test loss 35.331635557861325
Loading MDRNN at epoch 0 with test loss 1.074823389270089
Loading Controller with reward -9.85684970744267
Track generation: 1361..1705 -> 344-tiles track
Track generation: 1115..1398 -> 283-tiles track
Track generation: 1187..1488 -> 301-tiles track
Track generation: 1047..1313 -> 266-tiles track
Track generation: 1191..1493 -> 302-tiles track
Track generation: 1016..1274 -> 258-tiles track
Track generation: 1233..1546 -> 313-tiles track
Track generation: 1224..1534 -> 310-tiles track
Track generation: 1078..1351 -> 273-tiles track
Track generation: 1152..1444 -> 292-tiles track
Track generation: 1029..1293 -> 264-tiles track
retry to generate track (normal if there are not many of this messages)
Track generation: 1059..1328 -> 269-tiles track
Track generation: 1224..1534 -> 310-tiles track
Track generation: 1002..1256 -> 254-tiles track
Track generation: 1219..1528 -> 309-tiles track
Track generation: 1146..1435 -> 289-tiles track
retry to generate track (normal if there are not many of this messages)
Track generation: 1083..1358 -> 275-tiles track
Track generation: 1115..1407 -> 292-tiles track
Track generation: 1199..1503 -> 304-tiles track
Track generation: 1092..1369 -> 277-tiles track
Track generation: 1191..1493 -> 302-tiles track
Track generation: 1248..1564 -> 316-tiles track
Track generation: 1231..1543 -> 312-tiles track
Track generation: 1110..1392 -> 282-tiles track
Track generation: 1047..1318 -> 271-tiles track
Track generation: 1139..1428 -> 289-tiles track
Track generation: 1215..1525 -> 310-tiles track
retry to generate track (normal if there are not many of this messages)
Track generation: 1264..1584 -> 320-tiles track
Track generation: 1135..1423 -> 288-tiles track
Track generation: 1151..1443 -> 292-tiles track
Track generation: 1228..1539 -> 311-tiles track
Track generation: 1030..1295 -> 265-tiles track
retry to generate track (normal if there are not many of this messages)
Track generation: 1080..1354 -> 274-tiles track
Track generation: 1128..1423 -> 295-tiles track
Track generation: 1281..1605 -> 324-tiles track
Track generation: 1115..1406 -> 291-tiles track
Track generation: 1262..1582 -> 320-tiles track
Track generation: 1251..1568 -> 317-tiles track
Track generation: 1127..1413 -> 286-tiles track
Track generation: 1116..1399 -> 283-tiles track
Track generation: 1125..1411 -> 286-tiles track
Track generation: 1200..1511 -> 311-tiles track
Track generation: 1136..1424 -> 288-tiles track
Track generation: 1275..1598 -> 323-tiles track
Track generation: 1089..1370 -> 281-tiles track
Track generation: 1192..1494 -> 302-tiles track
Track generation: 1256..1575 -> 319-tiles track
Track generation: 1087..1363 -> 276-tiles track
Track generation: 1084..1359 -> 275-tiles track
Track generation: 1159..1452 -> 293-tiles track
Track generation: 1108..1389 -> 281-tiles track
Track generation: 1150..1442 -> 292-tiles track
Track generation: 1199..1503 -> 304-tiles track
Track generation: 1331..1668 -> 337-tiles track
Track generation: 1252..1569 -> 317-tiles track
Track generation: 1160..1454 -> 294-tiles track
Track generation: 1345..1685 -> 340-tiles track
Track generation: 1017..1281 -> 264-tiles track
Track generation: 1152..1444 -> 292-tiles track
Track generation: 1270..1591 -> 321-tiles track
Track generation: 972..1226 -> 254-tiles track
Track generation: 1200..1504 -> 304-tiles track
Track generation: 1010..1273 -> 263-tiles track
Track generation: 1269..1590 -> 321-tiles track
Track generation: 1311..1650 -> 339-tiles track
Track generation: 1240..1554 -> 314-tiles track
Track generation: 1020..1279 -> 259-tiles track
Track generation: 1092..1369 -> 277-tiles track
Track generation: 1121..1413 -> 292-tiles track
Track generation: 1221..1530 -> 309-tiles track
Track generation: 1152..1444 -> 292-tiles track
Track generation: 1035..1300 -> 265-tiles track
retry to generate track (normal if there are not many of this messages)
Track generation: 1152..1444 -> 292-tiles track
Track generation: 1132..1426 -> 294-tiles track
Track generation: 1153..1445 -> 292-tiles track
Track generation: 1105..1392 -> 287-tiles track
Track generation: 1299..1628 -> 329-tiles track
Track generation: 1140..1429 -> 289-tiles track
Track generation: 1011..1274 -> 263-tiles track
Track generation: 1215..1523 -> 308-tiles track
Track generation: 1094..1372 -> 278-tiles track
Track generation: 1151..1452 -> 301-tiles track
Track generation: 1183..1483 -> 300-tiles track
Track generation: 1043..1308 -> 265-tiles track
Track generation: 1218..1527 -> 309-tiles track
Track generation: 1219..1528 -> 309-tiles track
Track generation: 1288..1614 -> 326-tiles track
Track generation: 1061..1331 -> 270-tiles track
Track generation: 1007..1270 -> 263-tiles track
Track generation: 988..1244 -> 256-tiles track
Track generation: 1228..1539 -> 311-tiles track
Track generation: 1308..1639 -> 331-tiles track
Track generation: 1197..1500 -> 303-tiles track
Track generation: 1162..1456 -> 294-tiles track
Track generation: 1165..1461 -> 296-tiles track
Track generation: 1096..1374 -> 278-tiles track
Track generation: 1169..1464 -> 295-tiles track
Track generation: 1021..1290 -> 269-tiles track
Track generation: 1279..1603 -> 324-tiles track
Track generation: 1343..1683 -> 340-tiles track
Track generation: 1038..1309 -> 271-tiles track
Track generation: 1235..1551 -> 316-tiles track
retry to generate track (normal if there are not many of this messages)
Track generation: 947..1194 -> 247-tiles track
Track generation: 1237..1550 -> 313-tiles track
Track generation: 1177..1475 -> 298-tiles track
Track generation: 1106..1386 -> 280-tiles track
Track generation: 1131..1423 -> 292-tiles track
Track generation: 1175..1473 -> 298-tiles track
Track generation: 1215..1523 -> 308-tiles track
Track generation: 1215..1522 -> 307-tiles track
Track generation: 1052..1319 -> 267-tiles track
Track generation: 1149..1441 -> 292-tiles track
Track generation: 1224..1534 -> 310-tiles track
Track generation: 1026..1294 -> 268-tiles track
Track generation: 1214..1521 -> 307-tiles track
Track generation: 1205..1509 -> 304-tiles track
Track generation: 1007..1263 -> 256-tiles track
Track generation: 1125..1420 -> 295-tiles track
Track generation: 1167..1463 -> 296-tiles track
Track generation: 1132..1419 -> 287-tiles track
Track generation: 1120..1407 -> 287-tiles track
retry to generate track (normal if there are not many of this messages)
Track generation: 1345..1685 -> 340-tiles track
Track generation: 1163..1458 -> 295-tiles track
Track generation: 1104..1384 -> 280-tiles track
Track generation: 976..1232 -> 256-tiles track
Track generation: 1035..1298 -> 263-tiles track
Track generation: 911..1143 -> 232-tiles track
Track generation: 1172..1470 -> 298-tiles track
Track generation: 1183..1492 -> 309-tiles track
Track generation: 959..1207 -> 248-tiles track
Track generation: 1168..1464 -> 296-tiles track
Track generation: 1050..1323 -> 273-tiles track
Track generation: 1251..1568 -> 317-tiles track
Track generation: 1103..1383 -> 280-tiles track
Track generation: 1156..1449 -> 293-tiles track
Track generation: 994..1246 -> 252-tiles track
Track generation: 1101..1384 -> 283-tiles track
retry to generate track (normal if there are not many of this messages)
Track generation: 1227..1538 -> 311-tiles track
Track generation: 1022..1291 -> 269-tiles track
Track generation: 1264..1584 -> 320-tiles track
Track generation: 1279..1603 -> 324-tiles track
Track generation: 1168..1465 -> 297-tiles track
Track generation: 1175..1473 -> 298-tiles track
Track generation: 1205..1510 -> 305-tiles track
Track generation: 1339..1678 -> 339-tiles track
Track generation: 1151..1443 -> 292-tiles track
Track generation: 1041..1305 -> 264-tiles track
Track generation: 1100..1379 -> 279-tiles track
Track generation: 1163..1460 -> 297-tiles track
retry to generate track (normal if there are not many of this messages)
Track generation: 1231..1548 -> 317-tiles track
Track generation: 1020..1285 -> 265-tiles track
Track generation: 1106..1387 -> 281-tiles track
Track generation: 1147..1442 -> 295-tiles track
Track generation: 1063..1333 -> 270-tiles track
Track generation: 1131..1418 -> 287-tiles track
Track generation: 1040..1304 -> 264-tiles track
Track generation: 1159..1453 -> 294-tiles track
Track generation: 1314..1647 -> 333-tiles track
Track generation: 1075..1348 -> 273-tiles track
Track generation: 1192..1494 -> 302-tiles track
Track generation: 1139..1435 -> 296-tiles track
Track generation: 1048..1316 -> 268-tiles track
retry to generate track (normal if there are not many of this messages)
Track generation: 1231..1543 -> 312-tiles track
Track generation: 1242..1557 -> 315-tiles track
Track generation: 968..1223 -> 255-tiles track
Track generation: 1139..1428 -> 289-tiles track
Track generation: 1127..1413 -> 286-tiles track
Track generation: 1172..1469 -> 297-tiles track
Track generation: 1158..1452 -> 294-tiles track
Track generation: 1072..1344 -> 272-tiles track
Track generation: 1192..1494 -> 302-tiles track
Track generation: 1164..1459 -> 295-tiles track
Track generation: 1215..1523 -> 308-tiles track
Track generation: 1176..1474 -> 298-tiles track
Track generation: 1092..1369 -> 277-tiles track
Track generation: 949..1191 -> 242-tiles track
Track generation: 1148..1439 -> 291-tiles track
Track generation: 1148..1439 -> 291-tiles track
Track generation: 1061..1336 -> 275-tiles track
Track generation: 1119..1403 -> 284-tiles track
Track generation: 987..1238 -> 251-tiles track
Track generation: 1140..1436 -> 296-tiles track
Track generation: 1099..1378 -> 279-tiles track
Track generation: 1255..1573 -> 318-tiles track
Track generation: 1156..1449 -> 293-tiles track
Track generation: 1147..1443 -> 296-tiles track
Track generation: 1049..1315 -> 266-tiles track
Track generation: 1152..1444 -> 292-tiles track
Track generation: 995..1248 -> 253-tiles track
Track generation: 1241..1555 -> 314-tiles track
Track generation: 1124..1409 -> 285-tiles track
Track generation: 1215..1523 -> 308-tiles track
Track generation: 1307..1638 -> 331-tiles track
Track generation: 1151..1443 -> 292-tiles track
Track generation: 1125..1414 -> 289-tiles track
Track generation: 1253..1570 -> 317-tiles track
Track generation: 1030..1295 -> 265-tiles track
retry to generate track (normal if there are not many of this messages)
Track generation: 1010..1274 -> 264-tiles track
Track generation: 1111..1393 -> 282-tiles track
Track generation: 1069..1340 -> 271-tiles track
Track generation: 1116..1399 -> 283-tiles track
Track generation: 1092..1372 -> 280-tiles track
retry to generate track (normal if there are not many of this messages)
Track generation: 1188..1491 -> 303-tiles track
retry to generate track (normal if there are not many of this messages)
Track generation: 1264..1583 -> 319-tiles track
Track generation: 1118..1410 -> 292-tiles track
Track generation: 1272..1594 -> 322-tiles track
Track generation: 1384..1734 -> 350-tiles track
Track generation: 1021..1288 -> 267-tiles track
Track generation: 1101..1380 -> 279-tiles track
Track generation: 1195..1498 -> 303-tiles track
Track generation: 1186..1487 -> 301-tiles track
Track generation: 960..1209 -> 249-tiles track
Track generation: 1063..1332 -> 269-tiles track
Track generation: 968..1223 -> 255-tiles track
Track generation: 840..1062 -> 222-tiles track
Track generation: 1237..1550 -> 313-tiles track
Track generation: 1219..1535 -> 316-tiles track
Track generation: 1036..1299 -> 263-tiles track
Track generation: 1105..1385 -> 280-tiles track
Track generation: 1019..1278 -> 259-tiles track
Track generation: 1301..1630 -> 329-tiles track
Track generation: 1259..1578 -> 319-tiles track
Track generation: 1253..1578 -> 325-tiles track
Track generation: 1072..1349 -> 277-tiles track
Track generation: 1099..1378 -> 279-tiles track
Track generation: 1137..1425 -> 288-tiles track
Track generation: 1156..1449 -> 293-tiles track
Track generation: 1163..1458 -> 295-tiles track
Track generation: 1047..1313 -> 266-tiles track
Track generation: 946..1195 -> 249-tiles track
Track generation: 1160..1454 -> 294-tiles track
Track generation: 971..1223 -> 252-tiles track
Track generation: 1193..1496 -> 303-tiles track
Track generation: 1396..1749 -> 353-tiles track
Track generation: 1111..1393 -> 282-tiles track
Track generation: 1151..1444 -> 293-tiles track
Track generation: 1265..1585 -> 320-tiles track
Track generation: 1092..1369 -> 277-tiles track
Track generation: 933..1172 -> 239-tiles track
retry to generate track (normal if there are not many of this messages)
Track generation: 1194..1496 -> 302-tiles track
Track generation: 1067..1338 -> 271-tiles track
Track generation: 1229..1540 -> 311-tiles track
Track generation: 1135..1423 -> 288-tiles track
Track generation: 1296..1624 -> 328-tiles track
Track generation: 1384..1734 -> 350-tiles track
Track generation: 1038..1311 -> 273-tiles track
Track generation: 1332..1669 -> 337-tiles track
Track generation: 1061..1330 -> 269-tiles track
Track generation: 1267..1588 -> 321-tiles track
Track generation: 1115..1398 -> 283-tiles track
Track generation: 1076..1349 -> 273-tiles track
Track generation: 1086..1372 -> 286-tiles track
retry to generate track (normal if there are not many of this messages)
Track generation: 1128..1414 -> 286-tiles track
Track generation: 997..1258 -> 261-tiles track
Track generation: 1132..1419 -> 287-tiles track
Track generation: 1182..1482 -> 300-tiles track
Track generation: 938..1185 -> 247-tiles track
Track generation: 1185..1495 -> 310-tiles track
Track generation: 1045..1315 -> 270-tiles track
Track generation: 1259..1578 -> 319-tiles track
Track generation: 1301..1631 -> 330-tiles track
Track generation: 1085..1362 -> 277-tiles track
Track generation: 1220..1529 -> 309-tiles track
Track generation: 1251..1568 -> 317-tiles track
Track generation: 1156..1449 -> 293-tiles track
Track generation: 1204..1509 -> 305-tiles track
Track generation: 1194..1497 -> 303-tiles track
Track generation: 993..1244 -> 251-tiles track
Track generation: 1111..1393 -> 282-tiles track
Track generation: 1095..1373 -> 278-tiles track
Track generation: 1180..1479 -> 299-tiles track
Track generation: 1055..1323 -> 268-tiles track
Track generation: 1291..1620 -> 329-tiles track
Track generation: 1055..1323 -> 268-tiles track
Track generation: 1086..1361 -> 275-tiles track
Track generation: 1379..1728 -> 349-tiles track
Track generation: 1147..1438 -> 291-tiles track
Track generation: 1149..1448 -> 299-tiles track
Track generation: 1244..1559 -> 315-tiles track
Track generation: 1203..1508 -> 305-tiles track
Track generation: 1035..1304 -> 269-tiles track
Track generation: 1137..1425 -> 288-tiles track
Track generation: 1038..1301 -> 263-tiles track
Track generation: 1210..1517 -> 307-tiles track
Track generation: 987..1238 -> 251-tiles track
Track generation: 1065..1341 -> 276-tiles track
Track generation: 1233..1545 -> 312-tiles track
Track generation: 1420..1779 -> 359-tiles track
Track generation: 1141..1431 -> 290-tiles track
Track generation: 1087..1363 -> 276-tiles track
Track generation: 1177..1474 -> 297-tiles track
Track generation: 1249..1564 -> 315-tiles track
Track generation: 1168..1464 -> 296-tiles track
Track generation: 1128..1421 -> 293-tiles track
Track generation: 1202..1507 -> 305-tiles track
Track generation: 1232..1544 -> 312-tiles track
Track generation: 1252..1569 -> 317-tiles track
Track generation: 1115..1398 -> 283-tiles track
Track generation: 1013..1271 -> 258-tiles track
Track generation: 1288..1614 -> 326-tiles track
Track generation: 1072..1351 -> 279-tiles track
Track generation: 1131..1418 -> 287-tiles track
Track generation: 1203..1508 -> 305-tiles track
Track generation: 996..1249 -> 253-tiles track
Track generation: 1355..1698 -> 343-tiles track
Track generation: 1128..1413 -> 285-tiles track
retry to generate track (normal if there are not many of this messages)
Track generation: 1063..1333 -> 270-tiles track
Track generation: 1073..1346 -> 273-tiles track
Track generation: 1396..1749 -> 353-tiles track
Track generation: 1059..1336 -> 277-tiles track
Track generation: 1279..1602 -> 323-tiles track
Track generation: 1095..1373 -> 278-tiles track
Track generation: 1096..1374 -> 278-tiles track
Track generation: 970..1223 -> 253-tiles track
Track generation: 1104..1388 -> 284-tiles track
retry to generate track (normal if there are not many of this messages)
Track generation: 1155..1448 -> 293-tiles track
Track generation: 1200..1504 -> 304-tiles track
Track generation: 1168..1464 -> 296-tiles track
Track generation: 1113..1395 -> 282-tiles track
Track generation: 1148..1439 -> 291-tiles track
Track generation: 1165..1469 -> 304-tiles track
Track generation: 1012..1269 -> 257-tiles track
Track generation: 1145..1445 -> 300-tiles track
Track generation: 1155..1461 -> 306-tiles track
Track generation: 1012..1269 -> 257-tiles track
Track generation: 1038..1310 -> 272-tiles track
Track generation: 1088..1364 -> 276-tiles track
Track generation: 1042..1306 -> 264-tiles track
Track generation: 1211..1518 -> 307-tiles track
Track generation: 1234..1555 -> 321-tiles track
Track generation: 1212..1519 -> 307-tiles track
Track generation: 1087..1363 -> 276-tiles track
Track generation: 1016..1274 -> 258-tiles track
Track generation: 1174..1475 -> 301-tiles track
retry to generate track (normal if there are not many of this messages)
Track generation: 956..1206 -> 250-tiles track
Track generation: 1164..1459 -> 295-tiles track
Track generation: 1005..1268 -> 263-tiles track
Track generation: 1051..1318 -> 267-tiles track
Track generation: 1416..1774 -> 358-tiles track
Track generation: 1227..1538 -> 311-tiles track
Track generation: 1107..1388 -> 281-tiles track
Track generation: 1313..1646 -> 333-tiles track
Track generation: 1061..1330 -> 269-tiles track
Track generation: 1092..1369 -> 277-tiles track
Track generation: 1374..1722 -> 348-tiles track
Track generation: 1340..1680 -> 340-tiles track
Track generation: 1089..1370 -> 281-tiles track
Track generation: 1162..1457 -> 295-tiles track
Track generation: 1380..1729 -> 349-tiles track
Track generation: 1181..1480 -> 299-tiles track
Track generation: 1064..1334 -> 270-tiles track
Track generation: 1169..1472 -> 303-tiles track
Track generation: 1127..1413 -> 286-tiles track
Track generation: 1140..1429 -> 289-tiles track
Track generation: 1255..1573 -> 318-tiles track
Track generation: 1304..1633 -> 329-tiles track
Track generation: 1198..1505 -> 307-tiles track
retry to generate track (normal if there are not many of this messages)
Track generation: 1142..1441 -> 299-tiles track
Track generation: 1108..1389 -> 281-tiles track
Track generation: 1167..1462 -> 295-tiles track
Track generation: 1311..1643 -> 332-tiles track
Track generation: 1193..1495 -> 302-tiles track
Track generation: 948..1192 -> 244-tiles track
retry to generate track (normal if there are not many of this messages)
Track generation: 1067..1338 -> 271-tiles track
Track generation: 1251..1568 -> 317-tiles track
Track generation: 936..1174 -> 238-tiles track
Track generation: 1184..1484 -> 300-tiles track
Track generation: 1255..1582 -> 327-tiles track
Track generation: 1222..1532 -> 310-tiles track
Track generation: 1153..1441 -> 288-tiles track
Track generation: 1149..1440 -> 291-tiles track
Track generation: 1144..1438 -> 294-tiles track
Track generation: 1172..1469 -> 297-tiles track
Track generation: 1153..1454 -> 301-tiles track
Track generation: 1144..1434 -> 290-tiles track
Track generation: 1196..1499 -> 303-tiles track
Track generation: 1163..1462 -> 299-tiles track
retry to generate track (normal if there are not many of this messages)
Track generation: 950..1199 -> 249-tiles track
Track generation: 1118..1402 -> 284-tiles track
Track generation: 1121..1405 -> 284-tiles track
Track generation: 1263..1583 -> 320-tiles track
Track generation: 1164..1459 -> 295-tiles track
Track generation: 1087..1363 -> 276-tiles track
Track generation: 1193..1496 -> 303-tiles track
Track generation: 1027..1288 -> 261-tiles track
Track generation: 1156..1449 -> 293-tiles track
Track generation: 1080..1354 -> 274-tiles track
Track generation: 1212..1519 -> 307-tiles track
Track generation: 1216..1524 -> 308-tiles track
Track generation: 1075..1348 -> 273-tiles track
Track generation: 1074..1347 -> 273-tiles track
Track generation: 1149..1440 -> 291-tiles track
Track generation: 1315..1648 -> 333-tiles track
Track generation: 1268..1597 -> 329-tiles track
Track generation: 1127..1419 -> 292-tiles track
Track generation: 1323..1658 -> 335-tiles track
Track generation: 1135..1423 -> 288-tiles track
Track generation: 1083..1358 -> 275-tiles track
Track generation: 1131..1418 -> 287-tiles track
Track generation: 996..1249 -> 253-tiles track
Track generation: 1239..1553 -> 314-tiles track
Track generation: 974..1230 -> 256-tiles track
Track generation: 1071..1343 -> 272-tiles track
Track generation: 1045..1317 -> 272-tiles track
Track generation: 1278..1601 -> 323-tiles track
Track generation: 1279..1603 -> 324-tiles track
Track generation: 1076..1349 -> 273-tiles track
Track generation: 999..1253 -> 254-tiles track
Track generation: 1055..1323 -> 268-tiles track
Track generation: 1183..1483 -> 300-tiles track
Track generation: 1242..1557 -> 315-tiles track
Track generation: 1107..1388 -> 281-tiles track
Track generation: 1110..1392 -> 282-tiles track
Track generation: 1203..1508 -> 305-tiles track
Track generation: 1110..1392 -> 282-tiles track
Track generation: 1075..1348 -> 273-tiles track
